<?xml version="1.0" encoding="UTF-8"?>
<testsuite xmlns:xsi="http://www.w3.org/2001/XMLSchema-instance" xsi:noNamespaceSchemaLocation="https://maven.apache.org/surefire/maven-surefire-plugin/xsd/surefire-test-report-3.0.xsd" version="3.0" name="ua.vholovetskyi.input.UserInputArgsTest" time="0.05" tests="5" errors="0" skipped="0" failures="0">
  <properties>
[...]
</properties>
  <testcase name="should_throw_exception_when_build_user_input_with_one_args" classname="ua.vholovetskyi.input.UserInputArgsTest" time="0.02"/>
  <testcase name="should_throw_exception_when_build_user_input_with_empty_args" classname="ua.vholovetskyi.input.UserInputArgsTest" time="0.006"/>
  <testcase name="should_build_correct_user_input_args" classname="ua.vholovetskyi.input.UserInputArgsTest" time="0.002"/>
  <testcase name="should_throw_exception_when_build_user_input_with_wrong_folder" classname="ua.vholovetskyi.input.UserInputArgsTest" time="0.001"/>
  <testcase name="should_build_correct_user_input_args_with_multiple_params" classname="ua.vholovetskyi.input.UserInputArgsTest" time="0.002"/>
</testsuite>